  Particle.cpp
c:\users\d012120g\documents\dx11-framework-2\cose50581 tutorial framework semester 2\fggc framework semester 2\particle.cpp(94): warning C4244: 'initializing': conversion from 'double' to 'float', possible loss of data
c:\users\d012120g\documents\dx11-framework-2\cose50581 tutorial framework semester 2\fggc framework semester 2\particle.cpp(94): warning C4244: 'initializing': conversion from 'double' to 'const float', possible loss of data
c:\users\d012120g\documents\dx11-framework-2\cose50581 tutorial framework semester 2\fggc framework semester 2\maths\vector3.h(67): warning C4239: nonstandard extension used: 'return': conversion from 'Vector3<float>' to 'Vector3<float> &'
  c:\users\d012120g\documents\dx11-framework-2\cose50581 tutorial framework semester 2\fggc framework semester 2\maths\vector3.h(67): note: A non-const reference may only be bound to an lvalue
  c:\users\d012120g\documents\dx11-framework-2\cose50581 tutorial framework semester 2\fggc framework semester 2\maths\vector3.h(67): note: while compiling class template member function 'Vector3<float> &Vector3<float>::operator =(const Vector3<float> &)'
  c:\users\d012120g\documents\dx11-framework-2\cose50581 tutorial framework semester 2\fggc framework semester 2\transformation.h(22): note: see reference to function template instantiation 'Vector3<float> &Vector3<float>::operator =(const Vector3<float> &)' being compiled
  c:\users\d012120g\documents\dx11-framework-2\cose50581 tutorial framework semester 2\fggc framework semester 2\transformation.h(10): note: see reference to class template instantiation 'Vector3<float>' being compiled
Appearance.obj : warning LNK4075: ignoring '/EDITANDCONTINUE' due to '/SAFESEH' specification
Transformation.obj : error LNK2001: unresolved external symbol "public: __thiscall Vector3<float>::Vector3<float>(float,float,float)" (??0?$Vector3@M@@QAE@MMM@Z)
TurbulentDragGenerator.obj : error LNK2001: unresolved external symbol "public: __thiscall Vector3<float>::Vector3<float>(float,float,float)" (??0?$Vector3@M@@QAE@MMM@Z)
Particle.obj : error LNK2001: unresolved external symbol "public: __thiscall Vector3<float>::Vector3<float>(float,float,float)" (??0?$Vector3@M@@QAE@MMM@Z)
GravityGenerator.obj : error LNK2001: unresolved external symbol "public: __thiscall Vector3<float>::Vector3<float>(float,float,float)" (??0?$Vector3@M@@QAE@MMM@Z)
GameObjectManager.obj : error LNK2001: unresolved external symbol "public: __thiscall Vector3<float>::Vector3<float>(float,float,float)" (??0?$Vector3@M@@QAE@MMM@Z)
QuadTree.obj : error LNK2001: unresolved external symbol "public: __thiscall Vector3<float>::Vector3<float>(float,float,float)" (??0?$Vector3@M@@QAE@MMM@Z)
Application.obj : error LNK2001: unresolved external symbol "public: __thiscall Vector3<float>::Vector3<float>(float,float,float)" (??0?$Vector3@M@@QAE@MMM@Z)
CollisionsManager.obj : error LNK2001: unresolved external symbol "public: __thiscall Vector3<float>::Vector3<float>(float,float,float)" (??0?$Vector3@M@@QAE@MMM@Z)
ControllerManager.obj : error LNK2001: unresolved external symbol "public: __thiscall Vector3<float>::Vector3<float>(float,float,float)" (??0?$Vector3@M@@QAE@MMM@Z)
LaminarDragGenerator.obj : error LNK2001: unresolved external symbol "public: __thiscall Vector3<float>::Vector3<float>(float,float,float)" (??0?$Vector3@M@@QAE@MMM@Z)
Transformation.obj : error LNK2001: unresolved external symbol "public: __thiscall Vector3<float>::~Vector3<float>(void)" (??1?$Vector3@M@@QAE@XZ)
TurbulentDragGenerator.obj : error LNK2001: unresolved external symbol "public: __thiscall Vector3<float>::~Vector3<float>(void)" (??1?$Vector3@M@@QAE@XZ)
Particle.obj : error LNK2001: unresolved external symbol "public: __thiscall Vector3<float>::~Vector3<float>(void)" (??1?$Vector3@M@@QAE@XZ)
GravityGenerator.obj : error LNK2001: unresolved external symbol "public: __thiscall Vector3<float>::~Vector3<float>(void)" (??1?$Vector3@M@@QAE@XZ)
GameObjectManager.obj : error LNK2001: unresolved external symbol "public: __thiscall Vector3<float>::~Vector3<float>(void)" (??1?$Vector3@M@@QAE@XZ)
QuadTree.obj : error LNK2001: unresolved external symbol "public: __thiscall Vector3<float>::~Vector3<float>(void)" (??1?$Vector3@M@@QAE@XZ)
Application.obj : error LNK2001: unresolved external symbol "public: __thiscall Vector3<float>::~Vector3<float>(void)" (??1?$Vector3@M@@QAE@XZ)
CollisionsManager.obj : error LNK2001: unresolved external symbol "public: __thiscall Vector3<float>::~Vector3<float>(void)" (??1?$Vector3@M@@QAE@XZ)
ControllerManager.obj : error LNK2001: unresolved external symbol "public: __thiscall Vector3<float>::~Vector3<float>(void)" (??1?$Vector3@M@@QAE@XZ)
LaminarDragGenerator.obj : error LNK2001: unresolved external symbol "public: __thiscall Vector3<float>::~Vector3<float>(void)" (??1?$Vector3@M@@QAE@XZ)
Application.obj : error LNK2001: unresolved external symbol "private: static class std::chrono::time_point<struct std::chrono::steady_clock,class std::chrono::duration<__int64,struct std::ratio<1,1000000000> > > Clock<class std::chrono::duration<__int64,struct std::ratio<1,1000> > >::prevTime" (?prevTime@?$Clock@V?$duration@_JU?$ratio@$00$0DOI@@std@@@chrono@std@@@@0V?$time_point@Usteady_clock@chrono@std@@V?$duration@_JU?$ratio@$00$0DLJKMKAA@@std@@@23@@chrono@std@@A)
Application.obj : error LNK2001: unresolved external symbol "private: static class std::chrono::time_point<struct std::chrono::steady_clock,class std::chrono::duration<__int64,struct std::ratio<1,1000000000> > > Clock<class std::chrono::duration<__int64,struct std::ratio<1,1000> > >::currentTime" (?currentTime@?$Clock@V?$duration@_JU?$ratio@$00$0DOI@@std@@@chrono@std@@@@0V?$time_point@Usteady_clock@chrono@std@@V?$duration@_JU?$ratio@$00$0DLJKMKAA@@std@@@23@@chrono@std@@A)
CollisionsManager.obj : error LNK2019: unresolved external symbol "public: static float __cdecl Vector3<float>::Magnitude(struct Vector3<float> const &)" (?Magnitude@?$Vector3@M@@SAMABU1@@Z) referenced in function "public: void __thiscall CollisionsManager::Separation(class GameObject *,class GameObject *)" (?Separation@CollisionsManager@@QAEXPAVGameObject@@0@Z)
TurbulentDragGenerator.obj : error LNK2001: unresolved external symbol "public: static float __cdecl Vector3<float>::Magnitude(struct Vector3<float> const &)" (?Magnitude@?$Vector3@M@@SAMABU1@@Z)
CollisionsManager.obj : error LNK2019: unresolved external symbol "public: static float __cdecl Vector3<float>::DotProduct(struct Vector3<float> const &,struct Vector3<float> const &)" (?DotProduct@?$Vector3@M@@SAMABU1@0@Z) referenced in function "public: void __thiscall CollisionsManager::ResolveCollision(class GameObject *,class GameObject *)" (?ResolveCollision@CollisionsManager@@QAEXPAVGameObject@@0@Z)
CollisionsManager.obj : error LNK2019: unresolved external symbol "public: static struct Vector3<float> __cdecl Vector3<float>::Normalize(struct Vector3<float> const &)" (?Normalize@?$Vector3@M@@SA?AU1@ABU1@@Z) referenced in function "public: void __thiscall CollisionsManager::ResolveCollision(class GameObject *,class GameObject *)" (?ResolveCollision@CollisionsManager@@QAEXPAVGameObject@@0@Z)
TurbulentDragGenerator.obj : error LNK2001: unresolved external symbol "public: static struct Vector3<float> __cdecl Vector3<float>::Normalize(struct Vector3<float> const &)" (?Normalize@?$Vector3@M@@SA?AU1@ABU1@@Z)
CollisionsManager.obj : error LNK2019: unresolved external symbol "public: struct Vector3<float> __thiscall Vector3<float>::ReverseVector(void)" (?ReverseVector@?$Vector3@M@@QAE?AU1@XZ) referenced in function "public: void __thiscall CollisionsManager::ResolveCollision(class GameObject *,class GameObject *)" (?ResolveCollision@CollisionsManager@@QAEXPAVGameObject@@0@Z)
CollisionsManager.obj : error LNK2019: unresolved external symbol "public: float __thiscall Vector3<float>::Distance(struct Vector3<float> const &)" (?Distance@?$Vector3@M@@QAEMABU1@@Z) referenced in function "public: bool __thiscall CollisionsManager::CheckBoundingSphere(class GameObject *,class GameObject *)const " (?CheckBoundingSphere@CollisionsManager@@QBE_NPAVGameObject@@0@Z)
LaminarDragGenerator.obj : error LNK2019: unresolved external symbol "public: virtual __thiscall ForceGenerator::~ForceGenerator(void)" (??1ForceGenerator@@UAE@XZ) referenced in function "public: virtual __thiscall LaminarDragGenerator::~LaminarDragGenerator(void)" (??1LaminarDragGenerator@@UAE@XZ)
GravityGenerator.obj : error LNK2001: unresolved external symbol "public: virtual __thiscall ForceGenerator::~ForceGenerator(void)" (??1ForceGenerator@@UAE@XZ)
TurbulentDragGenerator.obj : error LNK2001: unresolved external symbol "public: virtual __thiscall ForceGenerator::~ForceGenerator(void)" (??1ForceGenerator@@UAE@XZ)
Particle.obj : error LNK2019: unresolved external symbol "public: __thiscall Vector3<float>::Vector3<float>(void)" (??0?$Vector3@M@@QAE@XZ) referenced in function "public: __thiscall Particle::Particle(class Transformation *)" (??0Particle@@QAE@PAVTransformation@@@Z)
GravityGenerator.obj : error LNK2001: unresolved external symbol "public: __thiscall Vector3<float>::Vector3<float>(void)" (??0?$Vector3@M@@QAE@XZ)
GameObjectManager.obj : error LNK2001: unresolved external symbol "public: __thiscall Vector3<float>::Vector3<float>(void)" (??0?$Vector3@M@@QAE@XZ)
Transformation.obj : error LNK2001: unresolved external symbol "public: __thiscall Vector3<float>::Vector3<float>(void)" (??0?$Vector3@M@@QAE@XZ)
Particle.obj : error LNK2019: unresolved external symbol "public: __thiscall Vector3<float>::Vector3<float>(float)" (??0?$Vector3@M@@QAE@M@Z) referenced in function "public: __thiscall Particle::Particle(class Transformation *)" (??0Particle@@QAE@PAVTransformation@@@Z)
QuadTree.obj : error LNK2001: unresolved external symbol "public: __thiscall Vector3<float>::Vector3<float>(float)" (??0?$Vector3@M@@QAE@M@Z)
Particle.obj : error LNK2019: unresolved external symbol "public: void __thiscall Vector3<float>::Zero(void)" (?Zero@?$Vector3@M@@QAEXXZ) referenced in function "public: void __thiscall Particle::Update(float)" (?Update@Particle@@QAEXM@Z)
C:\Users\d012120g\Documents\DX11-Framework-2\COSE50581 Tutorial Framework Semester 2\FGGC Framework Semester 2\Debug\DX11 Framework.exe : fatal error LNK1120: 13 unresolved externals
